/var/lib/slurmd/job25549/slurm_script: line 19: s: command not found
── Attaching core tidyverse packages ──────────────────────── tidyverse 2.0.0 ──
✔ dplyr     1.2.1     ✔ readr     2.2.0
✔ forcats   1.0.1     ✔ stringr   1.6.0
✔ ggplot2   4.0.2     ✔ tibble    3.3.0
✔ lubridate 1.9.5     ✔ tidyr     1.3.2
✔ purrr     1.2.2     
── Conflicts ────────────────────────────────────────── tidyverse_conflicts() ──
✖ dplyr::filter() masks stats::filter()
✖ dplyr::lag()    masks stats::lag()
ℹ Use the conflicted package (<http://conflicted.r-lib.org/>) to force all conflicts to become errors
── Attaching packages ────────────────────────────────────── tidymodels 1.4.1 ──
✔ broom        1.0.12     ✔ rsample      1.3.2 
✔ dials        1.4.3      ✔ tailor       0.1.0 
✔ infer        1.1.0      ✔ tune         2.1.0 
✔ modeldata    1.5.1      ✔ workflows    1.3.0 
✔ parsnip      1.5.0      ✔ workflowsets 1.1.1 
✔ recipes      1.3.2      ✔ yardstick    1.4.0 
── Conflicts ───────────────────────────────────────── tidymodels_conflicts() ──
✖ scales::discard() masks purrr::discard()
✖ dplyr::filter()   masks stats::filter()
✖ recipes::fixed()  masks stringr::fixed()
✖ dplyr::lag()      masks stats::lag()
✖ yardstick::spec() masks readr::spec()
✖ recipes::step()   masks stats::step()
here() starts at /home/tao92719/group_10_project/2026dsa_finalproject_group10
i Fold1: preprocessor 1/1
i Fold1: preprocessor 1/1 (prediction data)
i Fold1: preprocessor 1/1, model 1/30
i Fold1: preprocessor 1/1, model 1/30 (predictions)
i Fold1: preprocessor 1/1, model 2/30
i Fold1: preprocessor 1/1, model 2/30 (predictions)
i Fold1: preprocessor 1/1, model 3/30
i Fold1: preprocessor 1/1, model 3/30 (predictions)
i Fold1: preprocessor 1/1, model 4/30
i Fold1: preprocessor 1/1, model 4/30 (predictions)
i Fold1: preprocessor 1/1, model 5/30
i Fold1: preprocessor 1/1, model 5/30 (predictions)
i Fold1: preprocessor 1/1, model 6/30
i Fold1: preprocessor 1/1, model 6/30 (predictions)
i Fold1: preprocessor 1/1, model 7/30
i Fold1: preprocessor 1/1, model 7/30 (predictions)
i Fold1: preprocessor 1/1, model 8/30
i Fold1: preprocessor 1/1, model 8/30 (predictions)
i Fold1: preprocessor 1/1, model 9/30
i Fold1: preprocessor 1/1, model 9/30 (predictions)
i Fold1: preprocessor 1/1, model 10/30
i Fold1: preprocessor 1/1, model 10/30 (predictions)
i Fold1: preprocessor 1/1, model 11/30
i Fold1: preprocessor 1/1, model 11/30 (predictions)
i Fold1: preprocessor 1/1, model 12/30
i Fold1: preprocessor 1/1, model 12/30 (predictions)
i Fold1: preprocessor 1/1, model 13/30
i Fold1: preprocessor 1/1, model 13/30 (predictions)
i Fold1: preprocessor 1/1, model 14/30
i Fold1: preprocessor 1/1, model 14/30 (predictions)
i Fold1: preprocessor 1/1, model 15/30
i Fold1: preprocessor 1/1, model 15/30 (predictions)
i Fold1: preprocessor 1/1, model 16/30
i Fold1: preprocessor 1/1, model 16/30 (predictions)
i Fold1: preprocessor 1/1, model 17/30
i Fold1: preprocessor 1/1, model 17/30 (predictions)
i Fold1: preprocessor 1/1, model 18/30
i Fold1: preprocessor 1/1, model 18/30 (predictions)
i Fold1: preprocessor 1/1, model 19/30
i Fold1: preprocessor 1/1, model 19/30 (predictions)
i Fold1: preprocessor 1/1, model 20/30
i Fold1: preprocessor 1/1, model 20/30 (predictions)
i Fold1: preprocessor 1/1, model 21/30
i Fold1: preprocessor 1/1, model 21/30 (predictions)
i Fold1: preprocessor 1/1, model 22/30
i Fold1: preprocessor 1/1, model 22/30 (predictions)
i Fold1: preprocessor 1/1, model 23/30
i Fold1: preprocessor 1/1, model 23/30 (predictions)
i Fold1: preprocessor 1/1, model 24/30
i Fold1: preprocessor 1/1, model 24/30 (predictions)
i Fold1: preprocessor 1/1, model 25/30
i Fold1: preprocessor 1/1, model 25/30 (predictions)
i Fold1: preprocessor 1/1, model 26/30
i Fold1: preprocessor 1/1, model 26/30 (predictions)
i Fold1: preprocessor 1/1, model 27/30
i Fold1: preprocessor 1/1, model 27/30 (predictions)
i Fold1: preprocessor 1/1, model 28/30
i Fold1: preprocessor 1/1, model 28/30 (predictions)
i Fold1: preprocessor 1/1, model 29/30
i Fold1: preprocessor 1/1, model 29/30 (predictions)
i Fold1: preprocessor 1/1, model 30/30
i Fold1: preprocessor 1/1, model 30/30 (predictions)
i Fold2: preprocessor 1/1
i Fold2: preprocessor 1/1 (prediction data)
i Fold2: preprocessor 1/1, model 1/30
i Fold2: preprocessor 1/1, model 1/30 (predictions)
i Fold2: preprocessor 1/1, model 2/30
i Fold2: preprocessor 1/1, model 2/30 (predictions)
i Fold2: preprocessor 1/1, model 3/30
i Fold2: preprocessor 1/1, model 3/30 (predictions)
i Fold2: preprocessor 1/1, model 4/30
i Fold2: preprocessor 1/1, model 4/30 (predictions)
i Fold2: preprocessor 1/1, model 5/30
i Fold2: preprocessor 1/1, model 5/30 (predictions)
i Fold2: preprocessor 1/1, model 6/30
i Fold2: preprocessor 1/1, model 6/30 (predictions)
i Fold2: preprocessor 1/1, model 7/30
i Fold2: preprocessor 1/1, model 7/30 (predictions)
i Fold2: preprocessor 1/1, model 8/30
i Fold2: preprocessor 1/1, model 8/30 (predictions)
i Fold2: preprocessor 1/1, model 9/30
i Fold2: preprocessor 1/1, model 9/30 (predictions)
i Fold2: preprocessor 1/1, model 10/30
i Fold2: preprocessor 1/1, model 10/30 (predictions)
i Fold2: preprocessor 1/1, model 11/30
i Fold2: preprocessor 1/1, model 11/30 (predictions)
i Fold2: preprocessor 1/1, model 12/30
i Fold2: preprocessor 1/1, model 12/30 (predictions)
i Fold2: preprocessor 1/1, model 13/30
i Fold2: preprocessor 1/1, model 13/30 (predictions)
i Fold2: preprocessor 1/1, model 14/30
i Fold2: preprocessor 1/1, model 14/30 (predictions)
i Fold2: preprocessor 1/1, model 15/30
i Fold2: preprocessor 1/1, model 15/30 (predictions)
i Fold2: preprocessor 1/1, model 16/30
i Fold2: preprocessor 1/1, model 16/30 (predictions)
i Fold2: preprocessor 1/1, model 17/30
i Fold2: preprocessor 1/1, model 17/30 (predictions)
i Fold2: preprocessor 1/1, model 18/30
i Fold2: preprocessor 1/1, model 18/30 (predictions)
i Fold2: preprocessor 1/1, model 19/30
i Fold2: preprocessor 1/1, model 19/30 (predictions)
i Fold2: preprocessor 1/1, model 20/30
i Fold2: preprocessor 1/1, model 20/30 (predictions)
i Fold2: preprocessor 1/1, model 21/30
i Fold2: preprocessor 1/1, model 21/30 (predictions)
i Fold2: preprocessor 1/1, model 22/30
i Fold2: preprocessor 1/1, model 22/30 (predictions)
i Fold2: preprocessor 1/1, model 23/30
i Fold2: preprocessor 1/1, model 23/30 (predictions)
i Fold2: preprocessor 1/1, model 24/30
i Fold2: preprocessor 1/1, model 24/30 (predictions)
i Fold2: preprocessor 1/1, model 25/30
i Fold2: preprocessor 1/1, model 25/30 (predictions)
i Fold2: preprocessor 1/1, model 26/30
i Fold2: preprocessor 1/1, model 26/30 (predictions)
i Fold2: preprocessor 1/1, model 27/30
i Fold2: preprocessor 1/1, model 27/30 (predictions)
i Fold2: preprocessor 1/1, model 28/30
i Fold2: preprocessor 1/1, model 28/30 (predictions)
i Fold2: preprocessor 1/1, model 29/30
i Fold2: preprocessor 1/1, model 29/30 (predictions)
i Fold2: preprocessor 1/1, model 30/30
i Fold2: preprocessor 1/1, model 30/30 (predictions)
i Fold3: preprocessor 1/1
slurmstepd: error: *** JOB 25549 ON rb1-9 CANCELLED AT 2026-04-26T20:15:11 DUE TO TIME LIMIT ***
