/var/lib/slurmd/job25800/slurm_script: line 19: s: command not found
── Attaching core tidyverse packages ──────────────────────── tidyverse 2.0.0 ──
✔ dplyr     1.2.1     ✔ readr     2.2.0
✔ forcats   1.0.1     ✔ stringr   1.6.0
✔ ggplot2   4.0.2     ✔ tibble    3.3.0
✔ lubridate 1.9.5     ✔ tidyr     1.3.2
✔ purrr     1.2.2     
── Conflicts ────────────────────────────────────────── tidyverse_conflicts() ──
✖ dplyr::filter() masks stats::filter()
✖ dplyr::lag()    masks stats::lag()
ℹ Use the conflicted package (<http://conflicted.r-lib.org/>) to force all conflicts to become errors
── Attaching packages ────────────────────────────────────── tidymodels 1.4.1 ──
✔ broom        1.0.12     ✔ rsample      1.3.2 
✔ dials        1.4.3      ✔ tailor       0.1.0 
✔ infer        1.1.0      ✔ tune         2.1.0 
✔ modeldata    1.5.1      ✔ workflows    1.3.0 
✔ parsnip      1.5.0      ✔ workflowsets 1.1.1 
✔ recipes      1.3.2      ✔ yardstick    1.4.0 
── Conflicts ───────────────────────────────────────── tidymodels_conflicts() ──
✖ scales::discard() masks purrr::discard()
✖ dplyr::filter()   masks stats::filter()
✖ recipes::fixed()  masks stringr::fixed()
✖ dplyr::lag()      masks stats::lag()
✖ yardstick::spec() masks readr::spec()
✖ recipes::step()   masks stats::step()
here() starts at /home/tao92719/group_10_project/2026dsa_finalproject_group10
Loading required package: foreach

Attaching package: ‘foreach’

The following objects are masked from ‘package:purrr’:

    accumulate, when

Loading required package: iterators
Loading required package: parallel
i Fold1: preprocessor 1/1
i Fold1: preprocessor 1/1 (prediction data)
i Fold1: preprocessor 1/1, model 1/15
i Fold1: preprocessor 1/1, model 1/15 (predictions)
i Fold1: preprocessor 1/1, model 2/15
i Fold1: preprocessor 1/1, model 2/15 (predictions)
i Fold1: preprocessor 1/1, model 3/15
i Fold1: preprocessor 1/1, model 3/15 (predictions)
i Fold1: preprocessor 1/1, model 4/15
i Fold1: preprocessor 1/1, model 4/15 (predictions)
i Fold1: preprocessor 1/1, model 5/15
i Fold1: preprocessor 1/1, model 5/15 (predictions)
i Fold1: preprocessor 1/1, model 6/15
i Fold1: preprocessor 1/1, model 6/15 (predictions)
i Fold1: preprocessor 1/1, model 7/15
i Fold1: preprocessor 1/1, model 7/15 (predictions)
i Fold1: preprocessor 1/1, model 8/15
i Fold1: preprocessor 1/1, model 8/15 (predictions)
i Fold1: preprocessor 1/1, model 9/15
i Fold1: preprocessor 1/1, model 9/15 (predictions)
i Fold1: preprocessor 1/1, model 10/15
i Fold1: preprocessor 1/1, model 10/15 (predictions)
i Fold1: preprocessor 1/1, model 11/15
i Fold1: preprocessor 1/1, model 11/15 (predictions)
i Fold1: preprocessor 1/1, model 12/15
i Fold1: preprocessor 1/1, model 12/15 (predictions)
i Fold1: preprocessor 1/1, model 13/15
i Fold1: preprocessor 1/1, model 13/15 (predictions)
i Fold1: preprocessor 1/1, model 14/15
i Fold1: preprocessor 1/1, model 14/15 (predictions)
i Fold1: preprocessor 1/1, model 15/15
i Fold1: preprocessor 1/1, model 15/15 (predictions)
i Fold2: preprocessor 1/1
i Fold2: preprocessor 1/1 (prediction data)
i Fold2: preprocessor 1/1, model 1/15
i Fold2: preprocessor 1/1, model 1/15 (predictions)
i Fold2: preprocessor 1/1, model 2/15
i Fold2: preprocessor 1/1, model 2/15 (predictions)
i Fold2: preprocessor 1/1, model 3/15
i Fold2: preprocessor 1/1, model 3/15 (predictions)
i Fold2: preprocessor 1/1, model 4/15
i Fold2: preprocessor 1/1, model 4/15 (predictions)
i Fold2: preprocessor 1/1, model 5/15
i Fold2: preprocessor 1/1, model 5/15 (predictions)
i Fold2: preprocessor 1/1, model 6/15
i Fold2: preprocessor 1/1, model 6/15 (predictions)
i Fold2: preprocessor 1/1, model 7/15
i Fold2: preprocessor 1/1, model 7/15 (predictions)
i Fold2: preprocessor 1/1, model 8/15
i Fold2: preprocessor 1/1, model 8/15 (predictions)
i Fold2: preprocessor 1/1, model 9/15
i Fold2: preprocessor 1/1, model 9/15 (predictions)
i Fold2: preprocessor 1/1, model 10/15
i Fold2: preprocessor 1/1, model 10/15 (predictions)
i Fold2: preprocessor 1/1, model 11/15
i Fold2: preprocessor 1/1, model 11/15 (predictions)
i Fold2: preprocessor 1/1, model 12/15
i Fold2: preprocessor 1/1, model 12/15 (predictions)
i Fold2: preprocessor 1/1, model 13/15
i Fold2: preprocessor 1/1, model 13/15 (predictions)
i Fold2: preprocessor 1/1, model 14/15
i Fold2: preprocessor 1/1, model 14/15 (predictions)
i Fold2: preprocessor 1/1, model 15/15
i Fold2: preprocessor 1/1, model 15/15 (predictions)
i Fold3: preprocessor 1/1
i Fold3: preprocessor 1/1 (prediction data)
i Fold3: preprocessor 1/1, model 1/15
i Fold3: preprocessor 1/1, model 1/15 (predictions)
i Fold3: preprocessor 1/1, model 2/15
i Fold3: preprocessor 1/1, model 2/15 (predictions)
i Fold3: preprocessor 1/1, model 3/15
i Fold3: preprocessor 1/1, model 3/15 (predictions)
i Fold3: preprocessor 1/1, model 4/15
i Fold3: preprocessor 1/1, model 4/15 (predictions)
i Fold3: preprocessor 1/1, model 5/15
i Fold3: preprocessor 1/1, model 5/15 (predictions)
i Fold3: preprocessor 1/1, model 6/15
i Fold3: preprocessor 1/1, model 6/15 (predictions)
i Fold3: preprocessor 1/1, model 7/15
i Fold3: preprocessor 1/1, model 7/15 (predictions)
i Fold3: preprocessor 1/1, model 8/15
i Fold3: preprocessor 1/1, model 8/15 (predictions)
i Fold3: preprocessor 1/1, model 9/15
i Fold3: preprocessor 1/1, model 9/15 (predictions)
i Fold3: preprocessor 1/1, model 10/15
i Fold3: preprocessor 1/1, model 10/15 (predictions)
i Fold3: preprocessor 1/1, model 11/15
i Fold3: preprocessor 1/1, model 11/15 (predictions)
i Fold3: preprocessor 1/1, model 12/15
i Fold3: preprocessor 1/1, model 12/15 (predictions)
i Fold3: preprocessor 1/1, model 13/15
i Fold3: preprocessor 1/1, model 13/15 (predictions)
i Fold3: preprocessor 1/1, model 14/15
i Fold3: preprocessor 1/1, model 14/15 (predictions)
i Fold3: preprocessor 1/1, model 15/15
i Fold3: preprocessor 1/1, model 15/15 (predictions)
i Fold4: preprocessor 1/1
i Fold4: preprocessor 1/1 (prediction data)
i Fold4: preprocessor 1/1, model 1/15
i Fold4: preprocessor 1/1, model 1/15 (predictions)
i Fold4: preprocessor 1/1, model 2/15
i Fold4: preprocessor 1/1, model 2/15 (predictions)
i Fold4: preprocessor 1/1, model 3/15
i Fold4: preprocessor 1/1, model 3/15 (predictions)
i Fold4: preprocessor 1/1, model 4/15
i Fold4: preprocessor 1/1, model 4/15 (predictions)
i Fold4: preprocessor 1/1, model 5/15
i Fold4: preprocessor 1/1, model 5/15 (predictions)
i Fold4: preprocessor 1/1, model 6/15
i Fold4: preprocessor 1/1, model 6/15 (predictions)
i Fold4: preprocessor 1/1, model 7/15
i Fold4: preprocessor 1/1, model 7/15 (predictions)
i Fold4: preprocessor 1/1, model 8/15
i Fold4: preprocessor 1/1, model 8/15 (predictions)
i Fold4: preprocessor 1/1, model 9/15
i Fold4: preprocessor 1/1, model 9/15 (predictions)
i Fold4: preprocessor 1/1, model 10/15
i Fold4: preprocessor 1/1, model 10/15 (predictions)
i Fold4: preprocessor 1/1, model 11/15
i Fold4: preprocessor 1/1, model 11/15 (predictions)
i Fold4: preprocessor 1/1, model 12/15
i Fold4: preprocessor 1/1, model 12/15 (predictions)
i Fold4: preprocessor 1/1, model 13/15
i Fold4: preprocessor 1/1, model 13/15 (predictions)
i Fold4: preprocessor 1/1, model 14/15
i Fold4: preprocessor 1/1, model 14/15 (predictions)
i Fold4: preprocessor 1/1, model 15/15
i Fold4: preprocessor 1/1, model 15/15 (predictions)
i Fold5: preprocessor 1/1
i Fold5: preprocessor 1/1 (prediction data)
i Fold5: preprocessor 1/1, model 1/15
i Fold5: preprocessor 1/1, model 1/15 (predictions)
i Fold5: preprocessor 1/1, model 2/15
i Fold5: preprocessor 1/1, model 2/15 (predictions)
i Fold5: preprocessor 1/1, model 3/15
i Fold5: preprocessor 1/1, model 3/15 (predictions)
i Fold5: preprocessor 1/1, model 4/15
i Fold5: preprocessor 1/1, model 4/15 (predictions)
i Fold5: preprocessor 1/1, model 5/15
i Fold5: preprocessor 1/1, model 5/15 (predictions)
i Fold5: preprocessor 1/1, model 6/15
i Fold5: preprocessor 1/1, model 6/15 (predictions)
i Fold5: preprocessor 1/1, model 7/15
i Fold5: preprocessor 1/1, model 7/15 (predictions)
i Fold5: preprocessor 1/1, model 8/15
i Fold5: preprocessor 1/1, model 8/15 (predictions)
i Fold5: preprocessor 1/1, model 9/15
i Fold5: preprocessor 1/1, model 9/15 (predictions)
i Fold5: preprocessor 1/1, model 10/15
i Fold5: preprocessor 1/1, model 10/15 (predictions)
i Fold5: preprocessor 1/1, model 11/15
i Fold5: preprocessor 1/1, model 11/15 (predictions)
i Fold5: preprocessor 1/1, model 12/15
i Fold5: preprocessor 1/1, model 12/15 (predictions)
i Fold5: preprocessor 1/1, model 13/15
i Fold5: preprocessor 1/1, model 13/15 (predictions)
i Fold5: preprocessor 1/1, model 14/15
i Fold5: preprocessor 1/1, model 14/15 (predictions)
i Fold5: preprocessor 1/1, model 15/15
i Fold5: preprocessor 1/1, model 15/15 (predictions)
`geom_smooth()` using formula = 'y ~ x'
`geom_smooth()` using formula = 'y ~ x'
Warning messages:
1: Novel level found in column "year": "2024".
ℹ The level has been removed, and values have been coerced to <NA>. 
2: Novel levels found in column "previous_crop": "clover" and "unknown".
ℹ The levels have been removed, and values have been coerced to <NA>. 
3: Novel levels found in column "hybrid": "01CSI6/LH287", "01DIB2/LH287",
"01DIB2/PHP02", "2FACC/LH287", "2FACC/PHP02", "6F629/LH287", "6F629/PHP02",
"DKFBHJ/LH287", "DKFBHJ/PHP02", "FBLA/LH287", "FBLA/PHP02", "FBLL/LH287",
"FBLL/PHP02", "GEMS-0061_3AZA1_0001/LH287", "GEMS-0061_3AZA1_0001/PHP02",
"GEMS-0061_3AZA1_0002/LH287", "GEMS-0061_3AZA1_0003/LH287",
"GEMS-0061_3AZA1_0003/PHP02", …, "ZS0510/LH287", and "ZS0510/PHP02".
ℹ The levels have been removed, and values have been coerced to <NA>. 
i Fold1: preprocessor 1/1
i Fold1: preprocessor 1/1 (prediction data)
i Fold1: preprocessor 1/1, model 1/6
i Fold1: preprocessor 1/1, model 1/6 (predictions)
i Fold1: preprocessor 1/1, model 2/6
i Fold1: preprocessor 1/1, model 2/6 (predictions)
i Fold1: preprocessor 1/1, model 3/6
i Fold1: preprocessor 1/1, model 3/6 (predictions)
i Fold1: preprocessor 1/1, model 4/6
i Fold1: preprocessor 1/1, model 4/6 (predictions)
i Fold1: preprocessor 1/1, model 5/6
i Fold1: preprocessor 1/1, model 5/6 (predictions)
i Fold1: preprocessor 1/1, model 6/6
i Fold1: preprocessor 1/1, model 6/6 (predictions)
→ A | warning: A correlation computation is required, but `estimate` is constant and has 0
               standard deviation, resulting in a divide by 0 error. `NA` will be returned.
i Fold2: preprocessor 1/1
i Fold2: preprocessor 1/1 (prediction data)
i Fold2: preprocessor 1/1, model 1/6
i Fold2: preprocessor 1/1, model 1/6 (predictions)
i Fold2: preprocessor 1/1, model 2/6
i Fold2: preprocessor 1/1, model 2/6 (predictions)
i Fold2: preprocessor 1/1, model 3/6
i Fold2: preprocessor 1/1, model 3/6 (predictions)
i Fold2: preprocessor 1/1, model 4/6
i Fold2: preprocessor 1/1, model 4/6 (predictions)
i Fold2: preprocessor 1/1, model 5/6
i Fold2: preprocessor 1/1, model 5/6 (predictions)
i Fold2: preprocessor 1/1, model 6/6
i Fold2: preprocessor 1/1, model 6/6 (predictions)
i Fold3: preprocessor 1/1
i Fold3: preprocessor 1/1 (prediction data)
i Fold3: preprocessor 1/1, model 1/6
i Fold3: preprocessor 1/1, model 1/6 (predictions)
i Fold3: preprocessor 1/1, model 2/6
i Fold3: preprocessor 1/1, model 2/6 (predictions)
i Fold3: preprocessor 1/1, model 3/6
i Fold3: preprocessor 1/1, model 3/6 (predictions)
i Fold3: preprocessor 1/1, model 4/6
i Fold3: preprocessor 1/1, model 4/6 (predictions)
i Fold3: preprocessor 1/1, model 5/6
i Fold3: preprocessor 1/1, model 5/6 (predictions)
i Fold3: preprocessor 1/1, model 6/6
i Fold3: preprocessor 1/1, model 6/6 (predictions)
i Fold4: preprocessor 1/1
i Fold4: preprocessor 1/1 (prediction data)
i Fold4: preprocessor 1/1, model 1/6
i Fold4: preprocessor 1/1, model 1/6 (predictions)
i Fold4: preprocessor 1/1, model 2/6
i Fold4: preprocessor 1/1, model 2/6 (predictions)
i Fold4: preprocessor 1/1, model 3/6
i Fold4: preprocessor 1/1, model 3/6 (predictions)
i Fold4: preprocessor 1/1, model 4/6
i Fold4: preprocessor 1/1, model 4/6 (predictions)
i Fold4: preprocessor 1/1, model 5/6
i Fold4: preprocessor 1/1, model 5/6 (predictions)
i Fold4: preprocessor 1/1, model 6/6
i Fold4: preprocessor 1/1, model 6/6 (predictions)
i Fold5: preprocessor 1/1
i Fold5: preprocessor 1/1 (prediction data)
i Fold5: preprocessor 1/1, model 1/6
i Fold5: preprocessor 1/1, model 1/6 (predictions)
i Fold5: preprocessor 1/1, model 2/6
i Fold5: preprocessor 1/1, model 2/6 (predictions)
i Fold5: preprocessor 1/1, model 3/6
i Fold5: preprocessor 1/1, model 3/6 (predictions)
i Fold5: preprocessor 1/1, model 4/6
i Fold5: preprocessor 1/1, model 4/6 (predictions)
i Fold5: preprocessor 1/1, model 5/6
i Fold5: preprocessor 1/1, model 5/6 (predictions)
i Fold5: preprocessor 1/1, model 6/6
i Fold5: preprocessor 1/1, model 6/6 (predictions)
`geom_smooth()` using formula = 'y ~ x'
`geom_smooth()` using formula = 'y ~ x'

Attaching package: ‘Matrix’

The following objects are masked from ‘package:tidyr’:

    expand, pack, unpack

Loaded glmnet 4.1-10
Warning messages:
1: Novel level found in column "year": "2024".
ℹ The level has been removed, and values have been coerced to <NA>. 
2: Novel levels found in column "previous_crop": "clover" and "unknown".
ℹ The levels have been removed, and values have been coerced to <NA>. 
3: Novel levels found in column "hybrid": "01CSI6/LH287", "01DIB2/LH287",
"01DIB2/PHP02", "2FACC/LH287", "2FACC/PHP02", "6F629/LH287", "6F629/PHP02",
"DKFBHJ/LH287", "DKFBHJ/PHP02", "FBLA/LH287", "FBLA/PHP02", "FBLL/LH287",
"FBLL/PHP02", "GEMS-0061_3AZA1_0001/LH287", "GEMS-0061_3AZA1_0001/PHP02",
"GEMS-0061_3AZA1_0002/LH287", "GEMS-0061_3AZA1_0003/LH287",
"GEMS-0061_3AZA1_0003/PHP02", …, "ZS0510/LH287", and "ZS0510/PHP02".
ℹ The levels have been removed, and values have been coerced to <NA>. 
