[1] "/home/tao92719/shared_R_libs"               
[2] "/apps/eb/R/4.5.1-gfbf-2025a/lib64/R/library"
Rows: 156,972
Columns: 24
$ year           <dbl> 2014, 2014, 2014, 2014, 2014, 2014, 2014, 2014, 2014, 2…
$ site           <chr> "DEH1", "DEH1", "DEH1", "DEH1", "DEH1", "DEH1", "DEH1",…
$ replicate      <dbl> 1, 1, 1, 1, 1, 1, 1, 1, 1, 1, 1, 1, 1, 1, 1, 1, 1, 1, 1…
$ block          <dbl> 1, 1, 1, 1, 1, 1, 1, 1, 1, 1, 1, 1, 1, 1, 1, 1, 1, 1, 1…
$ hybrid         <chr> "M0088/LH185", "M0143/LH185", "M0003/LH185", "M0035/LH1…
$ date_planted   <chr> "5/5/14", "5/5/14", "5/5/14", "5/5/14", "5/5/14", "5/5/…
$ date_harvested <chr> "9/29/14", "9/29/14", "9/29/14", "9/29/14", "9/29/14", …
$ yield_mg_ha    <dbl> 5.721725, 11.338246, 6.540810, 10.366857, 10.908814, 11…
$ grain_moisture <dbl> 20.8, 25.8, 20.8, 23.7, 19.4, 16.8, 19.7, 10.5, 17.7, 1…
$ site_clean     <chr> "DEH1", "DEH1", "DEH1", "DEH1", "DEH1", "DEH1", "DEH1",…
$ longitude      <dbl> -75.20405, -75.20405, -75.20405, -75.20405, -75.20405, …
$ latitude       <dbl> 38.63741, 38.63741, 38.63741, 38.63741, 38.63741, 38.63…
$ previous_crop  <chr> "soybean", "soybean", "soybean", "soybean", "soybean", …
$ tmean_season   <dbl> 20.65296, 20.65296, 20.65296, 20.65296, 20.65296, 20.65…
$ tmax_mean      <dbl> 22.68788, 22.68788, 22.68788, 22.68788, 22.68788, 22.68…
$ tmin_mean      <dbl> 18.61804, 18.61804, 18.61804, 18.61804, 18.61804, 18.61…
$ heat_days      <dbl> 0, 0, 0, 0, 0, 0, 0, 0, 0, 0, 0, 0, 0, 0, 0, 0, 0, 0, 0…
$ gdd_total      <dbl> 1960.355, 1960.355, 1960.355, 1960.355, 1960.355, 1960.…
$ precip_total   <dbl> 580.72, 580.72, 580.72, 580.72, 580.72, 580.72, 580.72,…
$ srad_mean      <dbl> 19.26875, 19.26875, 19.26875, 19.26875, 19.26875, 19.26…
$ soilpH         <dbl> NA, NA, NA, NA, NA, NA, NA, NA, NA, NA, NA, NA, NA, NA,…
$ om_pct         <dbl> NA, NA, NA, NA, NA, NA, NA, NA, NA, NA, NA, NA, NA, NA,…
$ soilk_ppm      <dbl> NA, NA, NA, NA, NA, NA, NA, NA, NA, NA, NA, NA, NA, NA,…
$ soilp_ppm      <dbl> NA, NA, NA, NA, NA, NA, NA, NA, NA, NA, NA, NA, NA, NA,…
Training rows: 156972  | columns: 24 
Test rows: 10057 
Saving...... density plot of train data
# A tibble: 15 × 6
   tree_depth learn_rate trees loss_reduction min_n  mtry
        <int>      <dbl> <int>          <dbl> <int> <int>
 1          1    0.0611    285       3.73e- 4    37     8
 2          2    0.0405    500       5.62e- 5    12     4
 3          3    0.001     371       6.63e-10    15     7
 4          4    0.0178    264       7.20e- 1     2     9
 5          5    0.00781   435       4.77e+ 0    31    14
 6          6    0.210     242       4.39e- 9    18     3
 7          7    0.139     350       1.93e- 7     7    15
 8          8    0.00343   328       3.16e+ 1    21     1
 9          9    0.00151   200       8.48e- 6    26    12
10         10    0.0268    414       1   e-10    34    13
11         11    0.00518   392       1.28e- 6    40     2
12         12    0.316     457       1.64e- 2    23     6
13         13    0.00228   478       2.47e- 3    10    11
14         14    0.0921    221       1.09e- 1    29    10
15         15    0.0118    307       2.91e- 8     4     5
Saving...... XGBoost tuning grid visualization
# A tibble: 30 × 12
    mtry trees min_n tree_depth learn_rate loss_reduction .metric .estimator
   <int> <int> <int>      <int>      <dbl>          <dbl> <chr>   <chr>     
 1     1   328    21          8    0.00343        3.16e+1 rmse    standard  
 2     1   328    21          8    0.00343        3.16e+1 rsq     standard  
 3     2   392    40         11    0.00518        1.28e-6 rmse    standard  
 4     2   392    40         11    0.00518        1.28e-6 rsq     standard  
 5     3   242    18          6    0.210          4.39e-9 rmse    standard  
 6     3   242    18          6    0.210          4.39e-9 rsq     standard  
 7     4   500    12          2    0.0405         5.62e-5 rmse    standard  
 8     4   500    12          2    0.0405         5.62e-5 rsq     standard  
 9     5   307     4         15    0.0118         2.91e-8 rmse    standard  
10     5   307     4         15    0.0118         2.91e-8 rsq     standard  
# ℹ 20 more rows
# ℹ 4 more variables: mean <dbl>, n <int>, std_err <dbl>, .config <chr>
# A tibble: 30 × 12
    mtry trees min_n tree_depth learn_rate loss_reduction .metric .estimator
   <int> <int> <int>      <int>      <dbl>          <dbl> <chr>   <chr>     
 1     1   328    21          8    0.00343        3.16e+1 rmse    standard  
 2     1   328    21          8    0.00343        3.16e+1 rsq     standard  
 3     2   392    40         11    0.00518        1.28e-6 rmse    standard  
 4     2   392    40         11    0.00518        1.28e-6 rsq     standard  
 5     3   242    18          6    0.210          4.39e-9 rmse    standard  
 6     3   242    18          6    0.210          4.39e-9 rsq     standard  
 7     4   500    12          2    0.0405         5.62e-5 rmse    standard  
 8     4   500    12          2    0.0405         5.62e-5 rsq     standard  
 9     5   307     4         15    0.0118         2.91e-8 rmse    standard  
10     5   307     4         15    0.0118         2.91e-8 rsq     standard  
# ℹ 20 more rows
# ℹ 4 more variables: mean <dbl>, n <int>, std_err <dbl>, .config <chr>
# A tibble: 1 × 7
   mtry trees min_n tree_depth learn_rate loss_reduction .config         
  <int> <int> <int>      <int>      <dbl>          <dbl> <chr>           
1     5   307     4         15     0.0118   0.0000000291 pre0_mod05_post0
# A tibble: 2 × 3
  .metric .estimator .estimate
  <chr>   <chr>          <dbl>
1 rmse    standard       1.72 
2 rsq     standard       0.696
Saving...... XGBoost prediction performance plot
Saving...... XGBoost variable importance plot
Linear Regression Model Specification (regression)

Main Arguments:
  penalty = tune()
  mixture = tune()

Computational engine: glmnet 

# A tibble: 120 × 2
    penalty mixture
      <dbl>   <dbl>
 1 0.0001         0
 2 0.000183       0
 3 0.000336       0
 4 0.000616       0
 5 0.00113        0
 6 0.00207        0
 7 0.00379        0
 8 0.00695        0
 9 0.0127         0
10 0.0234         0
# ℹ 110 more rows
Saving...... GLMNET tuning grid visualization
Registered 32 cores for glmnet
# A tibble: 240 × 8
   penalty mixture .metric .estimator  mean     n std_err .config          
     <dbl>   <dbl> <chr>   <chr>      <dbl> <int>   <dbl> <chr>            
 1  0.0001     0   rmse    standard   2.43      5 0.00437 pre0_mod001_post0
 2  0.0001     0   rsq     standard   0.394     5 0.00315 pre0_mod001_post0
 3  0.0001     0.2 rmse    standard   2.42      5 0.00449 pre0_mod002_post0
 4  0.0001     0.2 rsq     standard   0.395     5 0.00309 pre0_mod002_post0
 5  0.0001     0.4 rmse    standard   2.42      5 0.00455 pre0_mod003_post0
 6  0.0001     0.4 rsq     standard   0.395     5 0.00313 pre0_mod003_post0
 7  0.0001     0.6 rmse    standard   2.42      5 0.00454 pre0_mod004_post0
 8  0.0001     0.6 rsq     standard   0.395     5 0.00312 pre0_mod004_post0
 9  0.0001     0.8 rmse    standard   2.42      5 0.00456 pre0_mod005_post0
10  0.0001     0.8 rsq     standard   0.395     5 0.00313 pre0_mod005_post0
# ℹ 230 more rows
# A tibble: 240 × 8
   penalty mixture .metric .estimator  mean     n std_err .config          
     <dbl>   <dbl> <chr>   <chr>      <dbl> <int>   <dbl> <chr>            
 1  0.0001     0   rmse    standard   2.43      5 0.00437 pre0_mod001_post0
 2  0.0001     0   rsq     standard   0.394     5 0.00315 pre0_mod001_post0
 3  0.0001     0.2 rmse    standard   2.42      5 0.00449 pre0_mod002_post0
 4  0.0001     0.2 rsq     standard   0.395     5 0.00309 pre0_mod002_post0
 5  0.0001     0.4 rmse    standard   2.42      5 0.00455 pre0_mod003_post0
 6  0.0001     0.4 rsq     standard   0.395     5 0.00313 pre0_mod003_post0
 7  0.0001     0.6 rmse    standard   2.42      5 0.00454 pre0_mod004_post0
 8  0.0001     0.6 rsq     standard   0.395     5 0.00312 pre0_mod004_post0
 9  0.0001     0.8 rmse    standard   2.42      5 0.00456 pre0_mod005_post0
10  0.0001     0.8 rsq     standard   0.395     5 0.00313 pre0_mod005_post0
# ℹ 230 more rows
# A tibble: 2 × 4
  source    penalty mixture .config          
  <chr>       <dbl>   <dbl> <chr>            
1 best_rmse  0.0001     0.2 pre0_mod002_post0
2 best_r2    0.0001     0.2 pre0_mod002_post0
# A tibble: 1 × 3
  penalty mixture .config          
    <dbl>   <dbl> <chr>            
1  0.0001     0.2 pre0_mod002_post0
# A tibble: 2 × 3
  .metric .estimator .estimate
  <chr>   <chr>          <dbl>
1 rmse    standard       2.36 
2 rsq     standard       0.424
Saving...... GLMNET prediction performance plot
# A tibble: 13 × 3
   term          estimate penalty
   <chr>            <dbl>   <dbl>
 1 site_clean     0.891    0.0001
 2 hybrid         0.745    0.0001
 3 year           0.551    0.0001
 4 previous_crop  0.243    0.0001
 5 srad_mean      0.165    0.0001
 6 latitude      -0.154    0.0001
 7 tmin_mean      0.0597   0.0001
 8 tmax_mean     -0.0317   0.0001
 9 heat_days     -0.0140   0.0001
10 longitude     -0.00230  0.0001
11 gdd_total     -0.00128  0.0001
12 precip_total  -0.00104  0.0001
13 tmean_season   0        0.0001
Saving...... GLMNET coefficient importance plot
# A tibble: 6 × 4
  pred_yield_mg_ha year  site_clean hybrid      
             <dbl> <fct> <chr>      <fct>       
1             10.5 2024  DEH1       01CSI6/LH287
2             10.5 2024  DEH1       01DIB2/LH287
3             10.5 2024  DEH1       01DIB2/PHP02
4             11.6 2024  DEH1       2369/LH123HT
5             10.5 2024  DEH1       2FACC/PHP02 
6             10.5 2024  DEH1       6F629/LH287 
# A tibble: 4 × 15
  model   .metric  mean std_err     n  mtry trees min_n tree_depth learn_rate
  <chr>   <chr>   <dbl>   <dbl> <int> <int> <int> <int>      <int>      <dbl>
1 XGBoost rmse    1.87  0.00431     5     5   307     4         15     0.0118
2 XGBoost rsq     0.414 0.00380     5     7   371    15          3     0.001 
3 GLMNET  rmse    2.42  0.00449     5    NA    NA    NA         NA    NA     
4 GLMNET  rsq     0.297 0.00352     5    NA    NA    NA         NA    NA     
# ℹ 5 more variables: loss_reduction <dbl>, .estimator <chr>, .config <chr>,
#   penalty <dbl>, mixture <dbl>
