[1] "/home/tao92719/shared_R_libs"               
[2] "/apps/eb/R/4.5.1-gfbf-2025a/lib64/R/library"
Rows: 156,972
Columns: 24
$ year           <dbl> 2014, 2014, 2014, 2014, 2014, 2014, 2014, 2014, 2014, 2…
$ site           <chr> "DEH1", "DEH1", "DEH1", "DEH1", "DEH1", "DEH1", "DEH1",…
$ replicate      <dbl> 1, 1, 1, 1, 1, 1, 1, 1, 1, 1, 1, 1, 1, 1, 1, 1, 1, 1, 1…
$ block          <dbl> 1, 1, 1, 1, 1, 1, 1, 1, 1, 1, 1, 1, 1, 1, 1, 1, 1, 1, 1…
$ hybrid         <chr> "M0088/LH185", "M0143/LH185", "M0003/LH185", "M0035/LH1…
$ date_planted   <chr> "5/5/14", "5/5/14", "5/5/14", "5/5/14", "5/5/14", "5/5/…
$ date_harvested <chr> "9/29/14", "9/29/14", "9/29/14", "9/29/14", "9/29/14", …
$ yield_mg_ha    <dbl> 5.721725, 11.338246, 6.540810, 10.366857, 10.908814, 11…
$ grain_moisture <dbl> 20.8, 25.8, 20.8, 23.7, 19.4, 16.8, 19.7, 10.5, 17.7, 1…
$ site_clean     <chr> "DEH1", "DEH1", "DEH1", "DEH1", "DEH1", "DEH1", "DEH1",…
$ longitude      <dbl> -75.20405, -75.20405, -75.20405, -75.20405, -75.20405, …
$ latitude       <dbl> 38.63741, 38.63741, 38.63741, 38.63741, 38.63741, 38.63…
$ previous_crop  <chr> "soybean", "soybean", "soybean", "soybean", "soybean", …
$ tmean_season   <dbl> 20.65296, 20.65296, 20.65296, 20.65296, 20.65296, 20.65…
$ tmax_mean      <dbl> 22.68788, 22.68788, 22.68788, 22.68788, 22.68788, 22.68…
$ tmin_mean      <dbl> 18.61804, 18.61804, 18.61804, 18.61804, 18.61804, 18.61…
$ heat_days      <dbl> 0, 0, 0, 0, 0, 0, 0, 0, 0, 0, 0, 0, 0, 0, 0, 0, 0, 0, 0…
$ gdd_total      <dbl> 1960.355, 1960.355, 1960.355, 1960.355, 1960.355, 1960.…
$ precip_total   <dbl> 580.72, 580.72, 580.72, 580.72, 580.72, 580.72, 580.72,…
$ srad_mean      <dbl> 19.26875, 19.26875, 19.26875, 19.26875, 19.26875, 19.26…
$ soilpH         <dbl> NA, NA, NA, NA, NA, NA, NA, NA, NA, NA, NA, NA, NA, NA,…
$ om_pct         <dbl> NA, NA, NA, NA, NA, NA, NA, NA, NA, NA, NA, NA, NA, NA,…
$ soilk_ppm      <dbl> NA, NA, NA, NA, NA, NA, NA, NA, NA, NA, NA, NA, NA, NA,…
$ soilp_ppm      <dbl> NA, NA, NA, NA, NA, NA, NA, NA, NA, NA, NA, NA, NA, NA,…
Training rows: 156972  | columns: 24 
Test rows: 10057 
# A tibble: 20 × 6
   tree_depth learn_rate trees loss_reduction min_n  mtry
        <int>      <dbl> <int>          <dbl> <int> <int>
 1          1    0.0280    357       2.98e- 2    38     4
 2          1    0.00336   373       7.39e- 3     6     3
 3          2    0.127     215       2.80e- 5    10     8
 4          2    0.0207    468       1.83e- 3    14    15
 5          3    0.173     452       6.54e- 9    18     3
 6          3    0.001     247       4.55e- 4    24    12
 7          4    0.00834   231       1.62e- 9    26     1
 8          4    0.00135   484       2.64e- 8    30     5
 9          5    0.0513    326       4.03e-10    36    13
10          5    0.00455   342       1   e-10     4     9
11          6    0.234     421       7.85e+ 0    12     4
12          7    0.0153    200       1.95e+ 0    22     2
13          8    0.0941    310       4.83e- 1    34    14
14          9    0.00183   436       3.16e+ 1    28     6
15         10    0.0695    405       1.13e- 4    40     2
16         11    0.0113    294       1.20e- 1     2    11
17         12    0.00616   389       6.95e- 6     8     1
18         13    0.316     263       1.06e- 7    16     5
19         14    0.0379    500       1.73e- 6    20    10
20         15    0.00248   278       4.28e- 7    32     7
