/var/lib/slurmd/job24748/slurm_script: line 19: s: command not found
── Attaching core tidyverse packages ──────────────────────── tidyverse 2.0.0 ──
✔ dplyr     1.2.1     ✔ readr     2.2.0
✔ forcats   1.0.1     ✔ stringr   1.6.0
✔ ggplot2   4.0.2     ✔ tibble    3.3.0
✔ lubridate 1.9.5     ✔ tidyr     1.3.2
✔ purrr     1.2.2     
── Conflicts ────────────────────────────────────────── tidyverse_conflicts() ──
✖ dplyr::filter() masks stats::filter()
✖ dplyr::lag()    masks stats::lag()
ℹ Use the conflicted package (<http://conflicted.r-lib.org/>) to force all conflicts to become errors
── Attaching packages ────────────────────────────────────── tidymodels 1.4.1 ──
✔ broom        1.0.12     ✔ rsample      1.3.2 
✔ dials        1.4.3      ✔ tailor       0.1.0 
✔ infer        1.1.0      ✔ tune         2.1.0 
✔ modeldata    1.5.1      ✔ workflows    1.3.0 
✔ parsnip      1.5.0      ✔ workflowsets 1.1.1 
✔ recipes      1.3.2      ✔ yardstick    1.4.0 
── Conflicts ───────────────────────────────────────── tidymodels_conflicts() ──
✖ scales::discard() masks purrr::discard()
✖ dplyr::filter()   masks stats::filter()
✖ recipes::fixed()  masks stringr::fixed()
✖ dplyr::lag()      masks stats::lag()
✖ yardstick::spec() masks readr::spec()
✖ recipes::step()   masks stats::step()
here() starts at /home/tao92719/group_10_project/2026dsa_finalproject_group10
Loading required package: foreach

Attaching package: ‘foreach’

The following objects are masked from ‘package:purrr’:

    accumulate, when

Loading required package: iterators
Loading required package: parallel

── Recipe ──────────────────────────────────────────────────────────────────────

── Inputs 
Number of variables by role
outcome:    1
predictor: 22

── Training information 
Training data contained 156972 data points and 50474 incomplete rows.

── Operations 
• Variable mutation for: ~lubridate::mdy(date_planted), ... | Trained
• Variable mutation for: ~lubridate::yday(planted_date), ... | Trained
• Variables removed: date_planted date_harvested, ... | Trained
• Unknown factor level assignment for: year, site, hybrid, ... | Trained
• Dummy variables from: year, site, hybrid, previous_crop | Trained
• Median imputation for: replicate, block, grain_moisture, ... | Trained
trying URL 'https://cloud.r-project.org/src/contrib/xgboost_3.2.1.1.tar.gz'
Content type 'application/x-gzip' length 1625267 bytes (1.5 MB)
==================================================
downloaded 1.5 MB

ERROR: failed to lock directory ‘/home/tao92719/shared_R_libs’ for modifying
Try removing ‘/home/tao92719/shared_R_libs/00LOCK-xgboost’

The downloaded source packages are in
	‘/tmp/Rtmpy8e8SQ/downloaded_packages’
Warning message:
In install.packages("xgboost", lib = shared_lib_path) :
  installation of package ‘xgboost’ had non-zero exit status
Warning message:
`grid_latin_hypercube()` was deprecated in dials 1.3.0.
ℹ Please use `grid_space_filling()` instead. 
Error in mssage("FAILED: ", name, " | ", e$message) : 
  could not find function "mssage"
Calls: tryCatch -> tryCatchList -> tryCatchOne -> <Anonymous>
Execution halted
