/var/lib/slurmd/job25684/slurm_script: line 19: s: command not found
── Attaching core tidyverse packages ──────────────────────── tidyverse 2.0.0 ──
✔ dplyr     1.2.1     ✔ readr     2.2.0
✔ forcats   1.0.1     ✔ stringr   1.6.0
✔ ggplot2   4.0.2     ✔ tibble    3.3.0
✔ lubridate 1.9.5     ✔ tidyr     1.3.2
✔ purrr     1.2.2     
── Conflicts ────────────────────────────────────────── tidyverse_conflicts() ──
✖ dplyr::filter() masks stats::filter()
✖ dplyr::lag()    masks stats::lag()
ℹ Use the conflicted package (<http://conflicted.r-lib.org/>) to force all conflicts to become errors
── Attaching packages ────────────────────────────────────── tidymodels 1.4.1 ──
✔ broom        1.0.12     ✔ rsample      1.3.2 
✔ dials        1.4.3      ✔ tailor       0.1.0 
✔ infer        1.1.0      ✔ tune         2.1.0 
✔ modeldata    1.5.1      ✔ workflows    1.3.0 
✔ parsnip      1.5.0      ✔ workflowsets 1.1.1 
✔ recipes      1.3.2      ✔ yardstick    1.4.0 
── Conflicts ───────────────────────────────────────── tidymodels_conflicts() ──
✖ scales::discard() masks purrr::discard()
✖ dplyr::filter()   masks stats::filter()
✖ recipes::fixed()  masks stringr::fixed()
✖ dplyr::lag()      masks stats::lag()
✖ yardstick::spec() masks readr::spec()
✖ recipes::step()   masks stats::step()
here() starts at /home/tao92719/group_10_project/2026dsa_finalproject_group10
Loading required package: foreach

Attaching package: ‘foreach’

The following objects are masked from ‘package:purrr’:

    accumulate, when

Loading required package: iterators
Loading required package: parallel
i Fold1: preprocessor 1/1
i Fold1: preprocessor 1/1 (prediction data)
i Fold1: preprocessor 1/1, model 1/20
i Fold1: preprocessor 1/1, model 1/20 (predictions)
i Fold1: preprocessor 1/1, model 2/20
i Fold1: preprocessor 1/1, model 2/20 (predictions)
i Fold1: preprocessor 1/1, model 3/20
i Fold1: preprocessor 1/1, model 3/20 (predictions)
i Fold1: preprocessor 1/1, model 4/20
i Fold1: preprocessor 1/1, model 4/20 (predictions)
i Fold1: preprocessor 1/1, model 5/20
i Fold1: preprocessor 1/1, model 5/20 (predictions)
i Fold1: preprocessor 1/1, model 6/20
i Fold1: preprocessor 1/1, model 6/20 (predictions)
i Fold1: preprocessor 1/1, model 7/20
i Fold1: preprocessor 1/1, model 7/20 (predictions)
i Fold1: preprocessor 1/1, model 8/20
i Fold1: preprocessor 1/1, model 8/20 (predictions)
i Fold1: preprocessor 1/1, model 9/20
i Fold1: preprocessor 1/1, model 9/20 (predictions)
i Fold1: preprocessor 1/1, model 10/20
i Fold1: preprocessor 1/1, model 10/20 (predictions)
i Fold1: preprocessor 1/1, model 11/20
i Fold1: preprocessor 1/1, model 11/20 (predictions)
i Fold1: preprocessor 1/1, model 12/20
i Fold1: preprocessor 1/1, model 12/20 (predictions)
i Fold1: preprocessor 1/1, model 13/20
i Fold1: preprocessor 1/1, model 13/20 (predictions)
i Fold1: preprocessor 1/1, model 14/20
i Fold1: preprocessor 1/1, model 14/20 (predictions)
i Fold1: preprocessor 1/1, model 15/20
i Fold1: preprocessor 1/1, model 15/20 (predictions)
i Fold1: preprocessor 1/1, model 16/20
i Fold1: preprocessor 1/1, model 16/20 (predictions)
i Fold1: preprocessor 1/1, model 17/20
i Fold1: preprocessor 1/1, model 17/20 (predictions)
i Fold1: preprocessor 1/1, model 18/20
i Fold1: preprocessor 1/1, model 18/20 (predictions)
i Fold1: preprocessor 1/1, model 19/20
i Fold1: preprocessor 1/1, model 19/20 (predictions)
i Fold1: preprocessor 1/1, model 20/20
i Fold1: preprocessor 1/1, model 20/20 (predictions)
i Fold2: preprocessor 1/1
i Fold2: preprocessor 1/1 (prediction data)
i Fold2: preprocessor 1/1, model 1/20
i Fold2: preprocessor 1/1, model 1/20 (predictions)
i Fold2: preprocessor 1/1, model 2/20
i Fold2: preprocessor 1/1, model 2/20 (predictions)
i Fold2: preprocessor 1/1, model 3/20
i Fold2: preprocessor 1/1, model 3/20 (predictions)
i Fold2: preprocessor 1/1, model 4/20
i Fold2: preprocessor 1/1, model 4/20 (predictions)
i Fold2: preprocessor 1/1, model 5/20
i Fold2: preprocessor 1/1, model 5/20 (predictions)
i Fold2: preprocessor 1/1, model 6/20
i Fold2: preprocessor 1/1, model 6/20 (predictions)
i Fold2: preprocessor 1/1, model 7/20
i Fold2: preprocessor 1/1, model 7/20 (predictions)
i Fold2: preprocessor 1/1, model 8/20
i Fold2: preprocessor 1/1, model 8/20 (predictions)
i Fold2: preprocessor 1/1, model 9/20
i Fold2: preprocessor 1/1, model 9/20 (predictions)
i Fold2: preprocessor 1/1, model 10/20
i Fold2: preprocessor 1/1, model 10/20 (predictions)
i Fold2: preprocessor 1/1, model 11/20
i Fold2: preprocessor 1/1, model 11/20 (predictions)
i Fold2: preprocessor 1/1, model 12/20
i Fold2: preprocessor 1/1, model 12/20 (predictions)
i Fold2: preprocessor 1/1, model 13/20
i Fold2: preprocessor 1/1, model 13/20 (predictions)
i Fold2: preprocessor 1/1, model 14/20
i Fold2: preprocessor 1/1, model 14/20 (predictions)
i Fold2: preprocessor 1/1, model 15/20
i Fold2: preprocessor 1/1, model 15/20 (predictions)
i Fold2: preprocessor 1/1, model 16/20
i Fold2: preprocessor 1/1, model 16/20 (predictions)
i Fold2: preprocessor 1/1, model 17/20
i Fold2: preprocessor 1/1, model 17/20 (predictions)
i Fold2: preprocessor 1/1, model 18/20
i Fold2: preprocessor 1/1, model 18/20 (predictions)
i Fold2: preprocessor 1/1, model 19/20
i Fold2: preprocessor 1/1, model 19/20 (predictions)
i Fold2: preprocessor 1/1, model 20/20
i Fold2: preprocessor 1/1, model 20/20 (predictions)
i Fold3: preprocessor 1/1
i Fold3: preprocessor 1/1 (prediction data)
i Fold3: preprocessor 1/1, model 1/20
i Fold3: preprocessor 1/1, model 1/20 (predictions)
i Fold3: preprocessor 1/1, model 2/20
i Fold3: preprocessor 1/1, model 2/20 (predictions)
i Fold3: preprocessor 1/1, model 3/20
i Fold3: preprocessor 1/1, model 3/20 (predictions)
i Fold3: preprocessor 1/1, model 4/20
i Fold3: preprocessor 1/1, model 4/20 (predictions)
i Fold3: preprocessor 1/1, model 5/20
i Fold3: preprocessor 1/1, model 5/20 (predictions)
i Fold3: preprocessor 1/1, model 6/20
i Fold3: preprocessor 1/1, model 6/20 (predictions)
i Fold3: preprocessor 1/1, model 7/20
i Fold3: preprocessor 1/1, model 7/20 (predictions)
i Fold3: preprocessor 1/1, model 8/20
i Fold3: preprocessor 1/1, model 8/20 (predictions)
i Fold3: preprocessor 1/1, model 9/20
i Fold3: preprocessor 1/1, model 9/20 (predictions)
i Fold3: preprocessor 1/1, model 10/20
i Fold3: preprocessor 1/1, model 10/20 (predictions)
i Fold3: preprocessor 1/1, model 11/20
i Fold3: preprocessor 1/1, model 11/20 (predictions)
i Fold3: preprocessor 1/1, model 12/20
i Fold3: preprocessor 1/1, model 12/20 (predictions)
i Fold3: preprocessor 1/1, model 13/20
i Fold3: preprocessor 1/1, model 13/20 (predictions)
i Fold3: preprocessor 1/1, model 14/20
i Fold3: preprocessor 1/1, model 14/20 (predictions)
i Fold3: preprocessor 1/1, model 15/20
i Fold3: preprocessor 1/1, model 15/20 (predictions)
i Fold3: preprocessor 1/1, model 16/20
i Fold3: preprocessor 1/1, model 16/20 (predictions)
i Fold3: preprocessor 1/1, model 17/20
i Fold3: preprocessor 1/1, model 17/20 (predictions)
i Fold3: preprocessor 1/1, model 18/20
i Fold3: preprocessor 1/1, model 18/20 (predictions)
i Fold3: preprocessor 1/1, model 19/20
i Fold3: preprocessor 1/1, model 19/20 (predictions)
i Fold3: preprocessor 1/1, model 20/20
i Fold3: preprocessor 1/1, model 20/20 (predictions)
i Fold4: preprocessor 1/1
i Fold4: preprocessor 1/1 (prediction data)
i Fold4: preprocessor 1/1, model 1/20
i Fold4: preprocessor 1/1, model 1/20 (predictions)
i Fold4: preprocessor 1/1, model 2/20
i Fold4: preprocessor 1/1, model 2/20 (predictions)
i Fold4: preprocessor 1/1, model 3/20
i Fold4: preprocessor 1/1, model 3/20 (predictions)
i Fold4: preprocessor 1/1, model 4/20
i Fold4: preprocessor 1/1, model 4/20 (predictions)
i Fold4: preprocessor 1/1, model 5/20
i Fold4: preprocessor 1/1, model 5/20 (predictions)
i Fold4: preprocessor 1/1, model 6/20
i Fold4: preprocessor 1/1, model 6/20 (predictions)
i Fold4: preprocessor 1/1, model 7/20
i Fold4: preprocessor 1/1, model 7/20 (predictions)
i Fold4: preprocessor 1/1, model 8/20
i Fold4: preprocessor 1/1, model 8/20 (predictions)
i Fold4: preprocessor 1/1, model 9/20
i Fold4: preprocessor 1/1, model 9/20 (predictions)
i Fold4: preprocessor 1/1, model 10/20
i Fold4: preprocessor 1/1, model 10/20 (predictions)
i Fold4: preprocessor 1/1, model 11/20
i Fold4: preprocessor 1/1, model 11/20 (predictions)
i Fold4: preprocessor 1/1, model 12/20
i Fold4: preprocessor 1/1, model 12/20 (predictions)
i Fold4: preprocessor 1/1, model 13/20
i Fold4: preprocessor 1/1, model 13/20 (predictions)
i Fold4: preprocessor 1/1, model 14/20
i Fold4: preprocessor 1/1, model 14/20 (predictions)
i Fold4: preprocessor 1/1, model 15/20
i Fold4: preprocessor 1/1, model 15/20 (predictions)
i Fold4: preprocessor 1/1, model 16/20
i Fold4: preprocessor 1/1, model 16/20 (predictions)
i Fold4: preprocessor 1/1, model 17/20
i Fold4: preprocessor 1/1, model 17/20 (predictions)
i Fold4: preprocessor 1/1, model 18/20
i Fold4: preprocessor 1/1, model 18/20 (predictions)
i Fold4: preprocessor 1/1, model 19/20
i Fold4: preprocessor 1/1, model 19/20 (predictions)
i Fold4: preprocessor 1/1, model 20/20
i Fold4: preprocessor 1/1, model 20/20 (predictions)
i Fold5: preprocessor 1/1
i Fold5: preprocessor 1/1 (prediction data)
i Fold5: preprocessor 1/1, model 1/20
i Fold5: preprocessor 1/1, model 1/20 (predictions)
i Fold5: preprocessor 1/1, model 2/20
i Fold5: preprocessor 1/1, model 2/20 (predictions)
i Fold5: preprocessor 1/1, model 3/20
i Fold5: preprocessor 1/1, model 3/20 (predictions)
i Fold5: preprocessor 1/1, model 4/20
i Fold5: preprocessor 1/1, model 4/20 (predictions)
i Fold5: preprocessor 1/1, model 5/20
i Fold5: preprocessor 1/1, model 5/20 (predictions)
i Fold5: preprocessor 1/1, model 6/20
i Fold5: preprocessor 1/1, model 6/20 (predictions)
i Fold5: preprocessor 1/1, model 7/20
i Fold5: preprocessor 1/1, model 7/20 (predictions)
i Fold5: preprocessor 1/1, model 8/20
i Fold5: preprocessor 1/1, model 8/20 (predictions)
i Fold5: preprocessor 1/1, model 9/20
i Fold5: preprocessor 1/1, model 9/20 (predictions)
i Fold5: preprocessor 1/1, model 10/20
i Fold5: preprocessor 1/1, model 10/20 (predictions)
i Fold5: preprocessor 1/1, model 11/20
i Fold5: preprocessor 1/1, model 11/20 (predictions)
i Fold5: preprocessor 1/1, model 12/20
i Fold5: preprocessor 1/1, model 12/20 (predictions)
i Fold5: preprocessor 1/1, model 13/20
i Fold5: preprocessor 1/1, model 13/20 (predictions)
i Fold5: preprocessor 1/1, model 14/20
i Fold5: preprocessor 1/1, model 14/20 (predictions)
i Fold5: preprocessor 1/1, model 15/20
i Fold5: preprocessor 1/1, model 15/20 (predictions)
i Fold5: preprocessor 1/1, model 16/20
i Fold5: preprocessor 1/1, model 16/20 (predictions)
i Fold5: preprocessor 1/1, model 17/20
i Fold5: preprocessor 1/1, model 17/20 (predictions)
i Fold5: preprocessor 1/1, model 18/20
i Fold5: preprocessor 1/1, model 18/20 (predictions)
i Fold5: preprocessor 1/1, model 19/20
i Fold5: preprocessor 1/1, model 19/20 (predictions)
i Fold5: preprocessor 1/1, model 20/20
i Fold5: preprocessor 1/1, model 20/20 (predictions)
slurmstepd: error: *** JOB 25684 ON rb1-9 CANCELLED AT 2026-04-27T20:38:49 DUE TO TIME LIMIT ***
