[1] "/home/tao92719/shared_R_libs"               
[2] "/apps/eb/R/4.5.1-gfbf-2025a/lib64/R/library"
Rows: 156,972
Columns: 24
$ year           <dbl> 2014, 2014, 2014, 2014, 2014, 2014, 2014, 2014, 2014, 2…
$ site           <chr> "DEH1", "DEH1", "DEH1", "DEH1", "DEH1", "DEH1", "DEH1",…
$ replicate      <dbl> 1, 1, 1, 1, 1, 1, 1, 1, 1, 1, 1, 1, 1, 1, 1, 1, 1, 1, 1…
$ block          <dbl> 1, 1, 1, 1, 1, 1, 1, 1, 1, 1, 1, 1, 1, 1, 1, 1, 1, 1, 1…
$ hybrid         <chr> "M0088/LH185", "M0143/LH185", "M0003/LH185", "M0035/LH1…
$ date_planted   <chr> "5/5/14", "5/5/14", "5/5/14", "5/5/14", "5/5/14", "5/5/…
$ date_harvested <chr> "9/29/14", "9/29/14", "9/29/14", "9/29/14", "9/29/14", …
$ yield_mg_ha    <dbl> 5.721725, 11.338246, 6.540810, 10.366857, 10.908814, 11…
$ grain_moisture <dbl> 20.8, 25.8, 20.8, 23.7, 19.4, 16.8, 19.7, 10.5, 17.7, 1…
$ site_clean     <chr> "DEH1", "DEH1", "DEH1", "DEH1", "DEH1", "DEH1", "DEH1",…
$ longitude      <dbl> -75.20405, -75.20405, -75.20405, -75.20405, -75.20405, …
$ latitude       <dbl> 38.63741, 38.63741, 38.63741, 38.63741, 38.63741, 38.63…
$ previous_crop  <chr> "soybean", "soybean", "soybean", "soybean", "soybean", …
$ tmean_season   <dbl> 20.65296, 20.65296, 20.65296, 20.65296, 20.65296, 20.65…
$ tmax_mean      <dbl> 22.68788, 22.68788, 22.68788, 22.68788, 22.68788, 22.68…
$ tmin_mean      <dbl> 18.61804, 18.61804, 18.61804, 18.61804, 18.61804, 18.61…
$ heat_days      <dbl> 0, 0, 0, 0, 0, 0, 0, 0, 0, 0, 0, 0, 0, 0, 0, 0, 0, 0, 0…
$ gdd_total      <dbl> 1960.355, 1960.355, 1960.355, 1960.355, 1960.355, 1960.…
$ precip_total   <dbl> 580.72, 580.72, 580.72, 580.72, 580.72, 580.72, 580.72,…
$ srad_mean      <dbl> 19.26875, 19.26875, 19.26875, 19.26875, 19.26875, 19.26…
$ soilpH         <dbl> NA, NA, NA, NA, NA, NA, NA, NA, NA, NA, NA, NA, NA, NA,…
$ om_pct         <dbl> NA, NA, NA, NA, NA, NA, NA, NA, NA, NA, NA, NA, NA, NA,…
$ soilk_ppm      <dbl> NA, NA, NA, NA, NA, NA, NA, NA, NA, NA, NA, NA, NA, NA,…
$ soilp_ppm      <dbl> NA, NA, NA, NA, NA, NA, NA, NA, NA, NA, NA, NA, NA, NA,…
Training rows: 156972  | columns: 24 
Test rows: 10057 
# A tibble: 30 × 6
   tree_depth learn_rate trees loss_reduction min_n  mtry
        <int>      <dbl> <int>          <dbl> <int> <int>
 1          1    0.00122   324       2.21e- 4    16    11
 2          1    0.259     396       9.24e- 7    13     6
 3          2    0.0356    220       8.20e- 1    22     9
 4          2    0.0196    386       8.53e- 3    30     1
 5          3    0.00888   479       3.71e- 7    34    11
 6          3    0.00401   293       2.49e-10    12     4
 7          4    0.0434    262       1.55e- 9    32    12
 8          4    0.0292    448       5.30e- 2    11    15
 9          5    0.00728   355       3.29e- 1     2     3
10          5    0.0530    272       1.49e- 7     3    13
# ℹ 20 more rows
           used  (Mb) gc trigger  (Mb) max used  (Mb)
Ncells  2957652 158.0    5346818 285.6  4176237 223.1
Vcells 20874666 159.3   37656201 287.3 26027315 198.6
